<<<<<<< HEAD
400 89 78996 0.99 399 391
25 1
143 2
168 3
192 4
65 5
68 6
73 7
131 8
178 4
188 9
199 10
3 6
8 11
28 12
61 13
62 14
69 15
100 16
114 17
122 18
127 19
132 20
140 1
142 21
163 22
187 23
193 24
4 25
7 10
9 21
26 26
27 27
31 16
36 28
40 29
41 30
60 31
80 15
84 32
92 33
101 23
121 34
123 6
126 35
133 2
136 36
149 17
164 37
167 9
172 38
176 39
179 16
181 40
183 41
13 18
15 42
39 43
42 20
48 20
53 44
70 45
78 46
87 43
116 47
125 48
144 20
161 12
174 49
175 50
177 51
182 2
197 28
198 52
1 6
14 53
16 41
19 21
44 11
47 36
51 54
56 55
57 55
63 42
67 56
75 47
83 57
86 58
88 14
91 5
93 59
98 60
104 33
105 61
112 27
119 2
124 18
137 31
138 60
154 31
155 62
157 63
158 1
160 41
170 14
185 35
186 64
191 38
195 19
10 65
21 29
23 29
34 57
49 55
54 66
72 6
76 67
90 68
102 19
103 57
106 5
108 24
109 69
118 70
128 43
150 58
151 54
165 71
166 59
173 2
5 21
11 72
29 73
50 74
89 36
107 75
117 76
120 77
135 12
145 21
162 78
180 21
189 45
194 79
196 51
200 38
17 31
18 36
20 47
32 80
33 9
38 28
52 47
55 29
94 77
96 61
159 6
184 35
37 39
81 27
82 81
97 34
99 38
113 73
146 26
2 65
46 64
64 74
79 82
85 21
134 77
147 20
148 83
152 59
190 84
35 67
45 44
71 40
95 85
110 30
111 75
129 3
153 37
22 56
58 16
59 53
66 39
171 69
6 86
12 68
43 47
74 81
115 87
156 66
24 10
30 42
77 68
130 67
139 40
141 88
169 10
207 31
211 43
224 32
251 85
256 62
261 13
274 89
284 86
288 36
291 27
297 89
300 5
302 37
312 25
333 18
352 15
354 34
361 1
363 2
365 36
372 81
376 60
378 75
380 89
386 7
201 68
203 20
204 15
205 70
206 31
208 32
214 65
225 18
229 15
231 7
235 65
240 77
243 2
246 68
252 52
257 47
260 75
265 71
268 16
270 55
273 84
276 3
277 33
279 12
287 2
289 89
290 78
292 58
293 65
307 29
309 89
311 32
318 26
320 5
322 8
323 89
324 20
326 74
334 81
340 13
345 61
362 29
364 50
373 27
379 70
381 30
383 51
389 63
391 89
396 61
397 62
398 80
213 41
216 8
217 5
221 59
222 17
223 1
228 89
232 34
234 19
236 83
242 89
247 46
248 84
253 89
254 49
258 71
263 38
264 15
266 6
271 89
272 64
275 37
282 89
285 60
295 89
298 75
299 10
301 68
303 6
308 83
310 53
319 7
321 11
325 76
328 89
330 27
331 36
332 16
336 18
337 29
348 48
350 51
351 72
353 56
356 63
366 70
367 13
370 44
371 13
377 18
384 17
385 36
388 65
394 81
395 53
202 89
210 63
212 55
215 58
218 15
226 14
233 55
237 80
239 21
245 20
249 35
259 6
269 88
278 55
280 59
281 61
283 19
286 17
305 75
313 89
316 60
327 89
335 39
338 11
339 57
343 31
346 29
347 55
349 89
355 46
357 89
360 78
368 89
369 24
374 54
375 28
390 9
399 75
400 64
209 89
220 80
230 27
244 28
255 89
267 53
294 89
304 25
314 89
315 32
317 47
329 84
358 15
359 23
392 89
219 20
227 4
238 50
241 42
250 76
262 29
342 21
382 64
387 64
296 76
306 83
344 84
341 41
393 9
=======
400 88 79005 0.99 399 391
19 1
65 1
125 2
49 3
51 4
59 5
64 6
66 7
75 1
81 8
139 9
167 10
199 11
12 12
26 13
76 14
80 15
84 4
100 16
102 17
109 5
124 18
137 19
162 20
174 21
198 22
3 23
4 24
14 25
30 26
41 15
43 27
53 28
57 29
71 4
85 30
88 31
95 32
107 4
115 12
116 33
136 31
155 34
156 35
165 14
184 27
6 36
8 23
11 37
24 38
29 39
34 14
38 10
40 38
44 40
58 8
61 33
91 2
94 41
104 15
108 42
122 11
127 43
131 44
142 45
145 46
147 8
148 47
157 48
161 24
166 49
172 4
176 6
178 8
180 50
186 51
188 17
190 52
196 8
1 53
2 54
9 43
21 48
22 55
23 49
55 56
86 57
93 58
105 48
117 30
140 59
149 36
151 19
168 25
170 60
179 1
182 36
185 11
191 61
192 62
194 63
7 64
33 43
37 3
42 18
50 13
54 65
87 66
96 67
119 24
120 52
123 23
126 48
134 63
146 34
150 68
169 9
200 27
13 69
20 69
25 4
27 70
28 31
48 71
70 72
73 73
77 29
99 15
110 27
112 11
133 66
135 48
153 23
159 38
173 21
181 74
197 51
15 47
47 75
62 40
68 14
92 12
97 52
98 47
106 76
130 57
138 77
144 78
154 79
160 28
17 79
63 30
69 17
78 13
82 65
83 80
89 32
101 14
103 61
111 13
113 81
114 82
132 52
143 63
163 80
164 78
175 83
183 19
31 73
36 84
60 14
90 76
128 61
152 62
195 63
10 85
16 8
5 85
18 84
32 81
45 6
46 56
52 52
56 58
67 84
74 20
79 27
118 70
129 14
141 35
158 7
171 7
177 27
187 86
189 30
193 29
35 24
39 22
72 87
121 57
201 13
209 27
213 57
238 30
247 27
249 55
261 35
272 38
277 88
278 15
280 77
281 40
287 88
294 73
315 74
320 56
322 77
324 43
330 86
344 21
345 4
347 8
363 37
369 61
370 11
398 40
400 3
206 59
211 28
215 60
217 18
219 39
223 60
228 32
230 42
232 77
233 26
235 88
236 50
237 55
239 46
240 64
241 30
242 86
244 42
245 31
262 88
275 66
283 88
286 3
288 6
289 9
292 6
295 24
296 69
299 78
302 7
307 40
308 80
312 57
314 88
316 60
321 5
327 79
332 30
335 38
337 48
341 66
343 47
351 21
355 9
366 88
379 17
380 47
382 64
386 47
391 88
393 88
207 15
212 88
214 88
216 18
220 77
226 43
227 15
229 67
231 88
234 68
248 83
250 81
252 33
255 59
256 73
258 88
259 68
263 44
264 43
268 36
270 82
271 21
282 32
290 87
291 17
293 52
300 56
301 65
305 74
306 74
311 43
318 4
319 78
326 26
329 4
333 86
336 88
338 86
339 36
340 20
346 79
348 88
349 59
350 88
352 30
354 88
356 19
357 73
358 53
360 36
361 76
362 88
371 63
373 82
374 5
378 6
381 41
383 2
384 54
385 49
387 70
389 5
390 71
394 47
396 59
397 88
203 88
208 81
218 88
224 69
246 70
251 85
253 53
257 69
260 61
266 2
269 68
273 20
274 76
276 18
284 84
297 73
298 21
303 28
309 88
317 8
325 31
328 67
334 63
342 36
353 88
359 88
365 69
368 43
372 58
375 28
388 17
204 63
210 23
225 56
243 86
254 42
265 21
279 71
285 35
323 85
331 28
367 26
376 79
377 61
392 10
395 9
399 42
267 15
304 75
202 25
205 11
221 34
222 25
310 88
313 13
364 88
>>>>>>> 07d4f80b5946a55528a0508931d01b0356e79bae
