400 401 79001 0.99 399 390
16 1
75 2
127 3
175 4
283 4
296 6
366 7
4 8
5 9
7 10
23 11
32 12
46 13
55 1
64 15
69 16
76 17
94 9
126 19
129 20
135 21
149 22
154 23
185 24
206 25
211 26
213 24
225 28
245 29
256 30
258 31
277 32
303 33
309 34
316 35
368 36
380 37
384 38
386 33
388 40
389 41
1 42
10 43
11 44
12 45
14 46
30 47
34 37
36 42
45 50
47 26
54 43
56 29
63 54
68 55
114 56
130 57
133 57
145 59
159 60
160 61
162 8
164 63
172 64
174 65
176 2
194 19
197 10
208 7
214 21
220 41
221 72
226 73
233 44
236 75
238 76
240 77
249 21
250 9
252 73
254 26
259 82
263 83
264 24
270 37
278 50
280 41
282 44
304 17
310 21
320 17
339 92
340 83
343 94
345 41
350 96
353 97
354 41
356 99
374 100
377 101
392 57
393 41
394 2
9 82
13 82
18 96
19 83
20 35
25 6
28 21
35 97
40 113
42 114
49 115
59 2
60 72
61 118
67 77
79 73
92 96
97 72
109 72
112 124
113 99
118 46
136 127
138 77
140 129
152 1
161 29
163 6
169 114
171 33
179 135
180 20
181 124
184 60
188 139
196 19
203 101
207 8
218 50
222 26
228 145
234 146
239 146
242 21
255 149
262 22
265 17
285 97
286 24
292 154
293 146
297 83
306 43
307 158
313 145
317 160
324 161
326 162
327 20
328 34
332 3
334 100
335 6
338 22
348 92
349 82
360 97
361 12
363 33
371 174
398 175
400 12
3 38
6 73
8 25
22 40
29 40
50 24
53 72
62 19
83 55
86 65
93 146
96 60
99 31
107 37
108 83
110 57
115 50
121 56
124 77
125 161
131 36
132 31
137 115
139 200
142 77
143 15
150 28
156 65
165 139
167 206
168 113
191 10
193 43
199 3
205 211
210 82
216 213
217 54
219 146
246 124
247 99
267 218
274 115
281 160
288 221
291 9
294 65
301 37
318 213
319 162
325 38
329 59
337 17
346 2
347 158
352 158
357 160
364 20
385 33
395 47
2 37
15 238
24 28
27 240
31 44
33 25
39 17
43 26
44 135
52 99
57 6
58 17
66 114
74 63
84 73
88 174
100 15
101 240
102 118
104 76
116 146
134 94
141 238
153 41
157 200
158 13
166 34
173 11
182 61
189 73
192 50
198 38
202 38
209 145
230 146
231 101
232 146
235 139
241 200
253 200
272 64
279 63
287 31
290 47
298 3
300 238
305 283
315 65
323 218
341 161
342 101
351 115
359 65
365 57
367 8
369 60
370 61
372 3
373 41
376 296
378 28
382 57
383 72
396 101
397 124
399 38
17 129
21 304
26 15
37 13
48 118
51 37
65 154
70 30
72 200
73 146
77 42
78 26
80 24
81 211
85 42
89 96
90 139
91 11
111 38
117 73
119 100
120 13
122 139
123 113
128 92
144 59
148 8
151 200
178 26
183 161
186 38
190 40
195 218
200 82
201 124
204 25
223 30
224 36
229 31
237 2
243 174
244 200
248 221
251 96
261 115
266 118
275 35
276 240
284 44
289 22
299 56
308 221
311 82
314 45
322 99
330 77
331 43
344 35
358 59
362 21
375 218
379 29
381 100
38 366
82 158
105 32
106 33
170 44
177 92
212 100
227 158
268 162
269 77
302 15
321 304
333 100
336 72
355 149
387 65
41 15
71 31
87 384
95 29
98 384
103 82
260 206
295 23
390 41
146 146
147 54
155 45
187 304
215 22
257 158
271 101
273 113
312 43
391 61
