100 101 150 0.03 3 3
2 1
99 2
84 1
58 3
72 1
50 5
30 1
34 7
22 1
57 9
42 1
31 11
27 1
63 13
96 1
85 15
45 1
95 17
90 1
61 19
37 1
55 21
16 1
52 23
1 1
33 25
100 1
44 27
62 1
77 29
5 1
21 31
13 1
91 33
68 1
83 35
23 1
11 37
14 1
9 39
8 1
69 41
59 1
54 43
66 1
32 45
17 1
10 47
64 1
38 49
80 2
49 1
70 3
88 1
92 5
56 1
47 7
79 1
40 9
35 1
48 11
78 1
86 13
3 1
98 15
43 1
51 17
15 1
81 19
28 1
74 21
65 1
97 23
12 1
76 25
4 1
87 27
73 1
26 29
7 1
24 31
41 1
75 33
71 1
29 35
67 1
18 37
93 1
53 39
60 1
39 41
89 1
46 43
82 1
94 45
36 1
6 47
25 1
19 49
20 2
