100 101 150 0.03 3 3
57 1
89 2
76 1
47 3
59 1
64 5
74 1
43 7
84 1
38 9
56 1
15 11
77 1
85 13
81 1
37 15
98 1
36 17
27 1
75 19
55 1
73 21
88 1
24 23
52 1
14 25
40 1
1 27
46 1
48 29
95 1
22 31
7 1
19 33
31 1
83 35
32 1
17 37
20 1
82 39
92 1
60 41
41 1
53 43
91 1
87 45
35 1
69 47
6 1
13 49
67 2
8 1
29 3
94 1
70 5
62 1
12 7
97 1
34 9
10 1
3 11
72 1
58 13
99 1
28 15
96 1
44 17
33 1
23 19
50 1
100 21
61 1
5 23
42 1
68 25
79 1
51 27
66 1
80 29
4 1
30 31
11 1
86 33
25 1
78 35
49 1
16 37
18 1
21 39
93 1
63 41
2 1
54 43
39 1
71 45
90 1
65 47
9 1
45 49
26 2
