400 79 78969 0.0 399 390
202 1
304 2
357 3
236 4
261 5
268 6
291 3
296 7
297 8
301 9
302 9
312 10
340 11
344 12
351 8
211 13
233 2
234 2
243 14
252 15
281 11
295 16
321 17
342 18
355 4
362 1
367 11
368 19
376 20
381 21
393 22
204 23
208 24
209 25
222 26
223 27
224 28
238 29
245 30
259 17
271 14
276 31
279 1
280 32
294 33
298 34
303 35
306 32
330 36
334 27
337 5
360 37
363 38
369 3
370 5
372 39
378 33
389 40
398 30
206 41
213 18
214 42
216 43
217 44
229 45
232 33
237 45
241 46
249 29
250 39
253 47
260 1
265 24
269 36
278 48
286 37
290 46
293 45
307 49
314 1
317 22
320 17
328 10
331 8
332 20
335 11
339 50
341 51
345 52
347 53
352 54
364 55
365 55
375 54
380 52
384 47
385 56
386 29
387 57
390 37
391 58
392 53
397 59
203 4
205 30
210 16
215 41
220 36
225 36
228 52
235 53
239 23
240 14
242 60
244 61
251 62
254 61
255 14
257 44
262 33
266 63
267 7
270 33
273 22
275 64
283 39
284 1
287 7
300 65
308 13
311 40
315 66
322 62
323 67
324 67
333 52
336 68
338 16
343 8
346 57
348 69
350 45
354 70
356 2
358 18
361 71
366 65
371 8
374 7
379 60
382 14
383 27
400 18
207 29
212 72
218 34
219 27
221 52
226 52
227 58
230 30
231 32
246 15
247 46
248 73
256 35
258 69
263 73
264 31
272 57
274 46
277 74
282 75
285 76
288 14
289 68
292 44
299 14
305 1
309 32
310 41
313 77
316 64
318 35
319 61
325 13
326 56
327 34
329 63
349 15
353 74
359 2
373 22
377 29
388 49
394 52
395 49
396 57
399 78
201 57
43 46
72 1
80 12
127 35
179 77
1 56
26 79
38 44
69 37
89 70
95 36
98 79
110 20
136 63
154 43
158 64
159 10
194 79
196 79
41 19
113 79
118 13
151 39
175 37
178 78
19 79
144 79
192 75
2 64
17 79
18 79
52 54
76 22
84 7
100 77
139 8
148 64
9 15
15 21
27 25
45 56
57 78
66 11
86 78
91 37
94 79
99 79
120 79
122 20
123 62
128 21
140 18
149 40
170 12
198 50
200 79
8 71
13 79
21 37
36 64
49 2
50 6
64 79
65 79
67 23
74 25
78 48
108 29
109 64
119 59
125 61
130 79
142 38
152 79
157 6
177 4
183 79
186 58
16 34
31 39
39 36
44 79
48 28
59 21
61 79
68 10
77 76
81 79
105 79
124 31
145 33
153 79
161 20
162 37
164 32
171 29
180 57
193 4
24 79
29 50
30 2
46 2
47 5
54 1
56 79
70 13
85 62
97 38
104 79
126 79
156 25
166 29
184 79
187 54
188 72
3 79
4 68
7 79
25 79
40 68
51 7
55 51
82 42
115 75
117 79
163 79
182 79
185 54
190 79
5 13
20 56
23 64
32 28
34 44
42 40
58 70
60 3
71 6
79 63
83 29
87 9
90 27
96 21
102 29
106 20
107 6
111 55
112 21
116 79
121 77
131 8
133 23
137 79
138 50
169 11
176 19
181 52
189 42
195 79
197 35
6 51
12 45
22 17
33 65
37 47
73 77
92 7
93 45
101 44
114 13
129 50
141 34
147 79
150 77
160 54
167 11
199 79
10 37
11 76
28 47
53 27
62 28
88 21
134 31
135 69
143 54
165 54
168 79
172 3
173 54
174 56
191 60
14 30
63 79
75 79
103 79
146 24
155 44
35 79
132 25
