400 401 79001 0.99 399 390
146 1
147 2
155 3
187 4
215 4
257 6
271 7
273 8
312 9
391 10
41 11
71 12
87 13
95 1
98 15
103 16
260 17
295 9
390 19
38 20
82 21
105 22
106 23
170 24
177 25
212 26
227 24
268 28
269 29
302 30
321 31
333 32
336 33
355 34
387 35
17 36
21 37
26 38
37 33
48 40
51 41
65 42
70 43
72 44
73 45
77 46
78 47
80 37
81 42
85 50
89 26
90 43
91 29
111 54
117 55
119 56
120 57
122 57
123 59
128 60
144 61
148 8
151 63
178 64
183 65
186 2
190 19
195 10
200 7
201 21
204 41
223 72
224 73
229 44
237 75
243 76
244 77
248 21
251 9
261 73
266 26
275 82
276 83
284 24
289 37
299 50
308 41
311 44
314 17
322 21
330 17
331 92
344 83
358 94
362 41
375 96
379 97
381 41
2 99
15 100
24 101
27 57
31 41
33 2
39 82
43 82
44 96
52 83
57 35
58 6
66 21
74 97
84 113
88 114
100 115
101 2
102 72
104 118
116 77
134 73
141 96
153 72
157 72
158 124
166 99
173 46
182 127
189 77
192 129
198 1
202 29
209 6
230 114
231 33
232 135
235 20
241 124
253 60
272 139
279 19
287 101
290 8
298 50
300 26
305 145
315 146
323 146
341 21
342 149
351 22
359 17
365 97
367 24
369 154
370 146
372 83
373 43
376 158
378 145
382 160
383 161
396 162
397 20
399 34
3 3
6 100
8 6
22 22
29 92
50 82
53 97
62 12
83 33
86 174
93 175
96 12
99 38
107 73
108 25
110 40
115 40
121 24
124 72
125 19
131 55
132 65
137 146
139 60
142 31
143 37
150 83
156 57
165 50
167 56
168 77
191 161
193 36
199 31
205 115
210 200
216 77
217 15
219 28
246 65
247 139
267 206
274 113
281 10
288 43
291 3
294 211
301 82
318 213
319 54
325 146
329 124
337 99
346 218
347 115
352 160
357 221
364 9
385 65
395 37
9 213
13 162
18 38
19 59
20 17
25 2
28 158
35 158
40 160
42 20
49 33
59 47
60 37
61 238
67 28
79 240
92 44
97 25
109 17
112 26
113 135
118 99
136 6
138 17
140 114
152 63
161 73
163 174
169 15
171 240
179 118
180 76
181 146
184 94
188 238
196 41
203 200
207 13
218 34
222 11
228 61
234 73
239 50
242 38
255 38
262 145
265 146
285 101
286 146
292 139
293 200
297 200
306 64
307 63
313 31
317 47
324 3
326 238
327 283
328 65
332 218
334 161
335 101
338 115
348 65
349 57
360 8
361 60
363 61
371 3
398 41
400 296
1 28
10 57
11 72
12 101
14 124
30 38
34 129
36 304
45 15
47 13
54 118
56 37
63 154
68 30
114 200
130 146
133 42
145 26
159 24
160 211
162 42
164 96
172 139
174 11
176 38
194 73
197 100
208 13
214 139
220 113
221 92
226 59
233 8
236 200
238 26
240 161
249 38
250 40
252 218
254 82
259 124
263 25
264 30
270 36
278 31
280 2
282 174
304 200
310 221
320 96
339 115
340 118
343 35
345 240
350 44
353 22
354 56
356 221
374 82
377 45
392 99
393 77
394 43
4 35
5 59
7 21
23 218
32 29
46 100
55 366
64 158
69 32
76 33
94 44
126 92
129 100
135 158
149 162
154 77
185 15
206 304
211 100
213 72
225 149
245 65
256 15
258 31
277 384
303 29
309 384
316 82
368 206
380 23
384 41
386 146
388 54
389 45
16 304
75 22
127 158
175 101
283 113
296 43
366 61
