100 101 150 0.03 3 3
86 1
80 2
20 1
31 3
56 1
38 5
35 1
42 7
47 1
22 9
74 1
36 11
99 1
4 13
76 1
7 15
79 1
33 17
28 1
25 19
84 1
30 21
50 1
68 23
90 1
92 25
60 1
65 27
19 1
61 29
46 1
59 31
95 1
9 33
6 1
27 35
55 1
94 37
45 1
8 39
37 1
21 41
89 1
48 43
3 1
10 45
70 1
39 47
26 1
17 49
98 2
64 1
40 3
5 1
100 5
14 1
57 7
88 1
32 9
81 1
82 11
75 1
77 13
16 1
1 15
96 1
71 17
66 1
85 19
15 1
78 21
69 1
67 23
54 1
73 25
87 1
93 27
91 1
51 29
53 1
43 31
12 1
24 33
52 1
97 35
44 1
63 37
11 1
2 39
49 1
29 41
72 1
83 43
34 1
41 45
18 1
62 47
23 1
58 49
13 2
