400 401 79001 0.99 399 390
1 1
2 2
3 3
4 4
5 4
6 6
7 7
8 8
9 9
10 10
11 11
12 12
13 13
14 1
15 15
16 16
17 17
18 9
19 19
20 20
21 21
22 22
23 23
24 24
25 25
26 26
27 24
28 28
29 29
30 30
31 31
32 32
33 33
34 34
35 35
36 36
37 37
38 38
39 33
40 40
41 41
42 42
43 43
44 44
45 45
46 46
47 47
48 37
49 42
50 50
51 26
52 43
53 29
54 54
55 55
56 56
57 57
58 57
59 59
60 60
61 61
62 8
63 63
64 64
65 65
66 2
67 19
68 10
69 7
70 21
71 41
72 72
73 73
74 44
75 75
76 76
77 77
78 21
79 9
80 73
81 26
82 82
83 83
84 24
85 37
86 50
87 41
88 44
89 17
90 21
91 17
92 92
93 83
94 94
95 41
96 96
97 97
98 41
99 99
100 100
101 101
102 57
103 41
104 2
105 82
106 82
107 96
108 83
109 35
110 6
111 21
112 97
113 113
114 114
115 115
116 2
117 72
118 118
119 77
120 73
121 96
122 72
123 72
124 124
125 99
126 46
127 127
128 77
129 129
130 1
131 29
132 6
133 114
134 33
135 135
136 20
137 124
138 60
139 139
140 19
141 101
142 8
143 50
144 26
145 145
146 146
147 146
148 21
149 149
150 22
151 17
152 97
153 24
154 154
155 146
156 83
157 43
158 158
159 145
160 160
161 161
162 162
163 20
164 34
165 3
166 100
167 6
168 22
169 92
170 82
171 97
172 12
173 33
174 174
175 175
176 12
177 38
178 73
179 25
180 40
181 40
182 24
183 72
184 19
185 55
186 65
187 146
188 60
189 31
190 37
191 83
192 57
193 50
194 56
195 77
196 161
197 36
198 31
199 115
200 200
201 77
202 15
203 28
204 65
205 139
206 206
207 113
208 10
209 43
210 3
211 211
212 82
213 213
214 54
215 146
216 124
217 99
218 218
219 115
220 160
221 221
222 9
223 65
224 37
225 213
226 162
227 38
228 59
229 17
230 2
231 158
232 158
233 160
234 20
235 33
236 47
237 37
238 238
239 28
240 240
241 44
242 25
243 17
244 26
245 135
246 99
247 6
248 17
249 114
250 63
251 73
252 174
253 15
254 240
255 118
256 76
257 146
258 94
259 238
260 41
261 200
262 13
263 34
264 11
265 61
266 73
267 50
268 38
269 38
270 145
271 146
272 101
273 146
274 139
275 200
276 200
277 64
278 63
279 31
280 47
281 3
282 238
283 283
284 65
285 218
286 161
287 101
288 115
289 65
290 57
291 8
292 60
293 61
294 3
295 41
296 296
297 28
298 57
299 72
300 101
301 124
302 38
303 129
304 304
305 15
306 13
307 118
308 37
309 154
310 30
311 200
312 146
313 42
314 26
315 24
316 211
317 42
318 96
319 139
320 11
321 38
322 73
323 100
324 13
325 139
326 113
327 92
328 59
329 8
330 200
331 26
332 161
333 38
334 40
335 218
336 82
337 124
338 25
339 30
340 36
341 31
342 2
343 174
344 200
345 221
346 96
347 115
348 118
349 35
350 240
351 44
352 22
353 56
354 221
355 82
356 45
357 99
358 77
359 43
360 35
361 59
362 21
363 218
364 29
365 100
366 366
367 158
368 32
369 33
370 44
371 92
372 100
373 158
374 162
375 77
376 15
377 304
378 100
379 72
380 149
381 65
382 15
383 31
384 384
385 29
386 384
387 82
388 206
389 23
390 41
391 146
392 54
393 45
394 304
395 22
396 158
397 101
398 113
399 43
400 61
